Determining if the pthread_create exist failed with the following output:
Change Dir: /home/rameez/ADAS_ROS2/ADAS_ws/src/ADASPackage/CMakeFiles/CMakeTmp

Run Build Command:/usr/bin/make "cmTryCompileExec3340564128/fast"
/usr/bin/make -f CMakeFiles/cmTryCompileExec3340564128.dir/build.make CMakeFiles/cmTryCompileExec3340564128.dir/build
make[1]: Entering directory `/home/rameez/ADAS_ROS2/ADAS_ws/src/ADASPackage/CMakeFiles/CMakeTmp'
/usr/bin/cmake -E cmake_progress_report /home/rameez/ADAS_ROS2/ADAS_ws/src/ADASPackage/CMakeFiles/CMakeTmp/CMakeFiles 1
Building C object CMakeFiles/cmTryCompileExec3340564128.dir/CheckSymbolExists.c.o
/usr/bin/cc    -o CMakeFiles/cmTryCompileExec3340564128.dir/CheckSymbolExists.c.o   -c /home/rameez/ADAS_ROS2/ADAS_ws/src/ADASPackage/CMakeFiles/CMakeTmp/CheckSymbolExists.c
Linking C executable cmTryCompileExec3340564128
/usr/bin/cmake -E cmake_link_script CMakeFiles/cmTryCompileExec3340564128.dir/link.txt --verbose=1
/usr/bin/cc       CMakeFiles/cmTryCompileExec3340564128.dir/CheckSymbolExists.c.o  -o cmTryCompileExec3340564128 -rdynamic 
CMakeFiles/cmTryCompileExec3340564128.dir/CheckSymbolExists.c.o: In function `main':
CheckSymbolExists.c:(.text+0x16): undefined reference to `pthread_create'
collect2: error: ld returned 1 exit status
make[1]: *** [cmTryCompileExec3340564128] Error 1
make[1]: Leaving directory `/home/rameez/ADAS_ROS2/ADAS_ws/src/ADASPackage/CMakeFiles/CMakeTmp'
make: *** [cmTryCompileExec3340564128/fast] Error 2

File /home/rameez/ADAS_ROS2/ADAS_ws/src/ADASPackage/CMakeFiles/CMakeTmp/CheckSymbolExists.c:
/* */
#include <pthread.h>

int main(int argc, char** argv)
{
  (void)argv;
#ifndef pthread_create
  return ((int*)(&pthread_create))[argc];
#else
  (void)argc;
  return 0;
#endif
}

Determining if the function pthread_create exists in the pthreads failed with the following output:
Change Dir: /home/rameez/ADAS_ROS2/ADAS_ws/src/ADASPackage/CMakeFiles/CMakeTmp

Run Build Command:/usr/bin/make "cmTryCompileExec133797948/fast"
/usr/bin/make -f CMakeFiles/cmTryCompileExec133797948.dir/build.make CMakeFiles/cmTryCompileExec133797948.dir/build
make[1]: Entering directory `/home/rameez/ADAS_ROS2/ADAS_ws/src/ADASPackage/CMakeFiles/CMakeTmp'
/usr/bin/cmake -E cmake_progress_report /home/rameez/ADAS_ROS2/ADAS_ws/src/ADASPackage/CMakeFiles/CMakeTmp/CMakeFiles 1
Building C object CMakeFiles/cmTryCompileExec133797948.dir/CheckFunctionExists.c.o
/usr/bin/cc   -DCHECK_FUNCTION_EXISTS=pthread_create   -o CMakeFiles/cmTryCompileExec133797948.dir/CheckFunctionExists.c.o   -c /usr/share/cmake-2.8/Modules/CheckFunctionExists.c
Linking C executable cmTryCompileExec133797948
/usr/bin/cmake -E cmake_link_script CMakeFiles/cmTryCompileExec133797948.dir/link.txt --verbose=1
/usr/bin/cc   -DCHECK_FUNCTION_EXISTS=pthread_create    CMakeFiles/cmTryCompileExec133797948.dir/CheckFunctionExists.c.o  -o cmTryCompileExec133797948 -rdynamic -lpthreads 
/usr/bin/ld: cannot find -lpthreads
collect2: error: ld returned 1 exit status
make[1]: *** [cmTryCompileExec133797948] Error 1
make[1]: Leaving directory `/home/rameez/ADAS_ROS2/ADAS_ws/src/ADASPackage/CMakeFiles/CMakeTmp'
make: *** [cmTryCompileExec133797948/fast] Error 2


